<?xml version="1.0" encoding="UTF-8"?>
<!-- Generated by org.testng.reporters.JUnitXMLReporter -->
<testsuite ignored="0" hostname="DESKTOP-AD44IUN" failures="0" tests="1" name="Test(failed)" time="0.415" errors="0" timestamp="2023-02-01T09:44:07 IST">
  <testcase classname="Utilities.BaseClass" name="@BeforeTest setup" time="-1.675224846768E9">
    <failure type="org.testng.TestNGException" message="
Parameter &amp;apos;browser&amp;apos; is required by BeforeTest on method setup but has not been marked @Optional or defined
in D:\Wynisco\AmazonWebsite\test-output\testng-failed.xml">
      <![CDATA[org.testng.TestNGException: 
Parameter 'browser' is required by BeforeTest on method setup but has not been marked @Optional or defined
in D:\Wynisco\AmazonWebsite\test-output\testng-failed.xml
... Removed 21 stack frames]]>
    </failure>
  </testcase> <!-- @BeforeTest setup -->
  <testcase classname="Utilities.BaseClass" name="@AfterTest tearDown" time="0.0">
    <skipped/>
  </testcase> <!-- @AfterTest tearDown -->
  <testcase classname="testcases.HomePage" name="Signin" time="0.001">
    <skipped/>
  </testcase> <!-- Signin -->
</testsuite> <!-- Test(failed) -->
